Flow report for cpu
Sat Dec 17 14:40:03 2022
Quartus Prime Version 22.1std.0 Build 915 10/25/2022 SC Lite Edition


---------------------
; Table of Contents ;
---------------------
  1. Legal Notice
  2. Flow Summary
  3. Flow Settings
  4. Flow Non-Default Global Settings
  5. Flow Elapsed Time
  6. Flow OS Summary
  7. Flow Log
  8. Flow Messages
  9. Flow Suppressed Messages



----------------
; Legal Notice ;
----------------
Copyright (C) 2022  Intel Corporation. All rights reserved.
Your use of Intel Corporation's design tools, logic functions 
and other software and tools, and any partner logic 
functions, and any output files from any of the foregoing 
(including device programming or simulation files), and any 
associated documentation or information are expressly subject 
to the terms and conditions of the Intel Program License 
Subscription Agreement, the Intel Quartus Prime License Agreement,
the Intel FPGA IP License Agreement, or other applicable license
agreement, including, without limitation, that your use is for
the sole purpose of programming logic devices manufactured by
Intel and sold by Intel or its authorized distributors.  Please
refer to the applicable agreement for further details, at
https://fpgasoftware.intel.com/eula.



+----------------------------------------------------------------------------------+
; Flow Summary                                                                     ;
+---------------------------------+------------------------------------------------+
; Flow Status                     ; Successful - Sat Dec 17 14:40:03 2022          ;
; Quartus Prime Version           ; 22.1std.0 Build 915 10/25/2022 SC Lite Edition ;
; Revision Name                   ; cpu                                            ;
; Top-level Entity Name           ; cpu                                            ;
; Family                          ; Cyclone V                                      ;
; Device                          ; 5CSEBA6U23I7                                   ;
; Timing Models                   ; Final                                          ;
; Logic utilization (in ALMs)     ; 305 / 41,910 ( < 1 % )                         ;
; Total registers                 ; 187                                            ;
; Total pins                      ; 38 / 314 ( 12 % )                              ;
; Total virtual pins              ; 0                                              ;
; Total block memory bits         ; 0 / 5,662,720 ( 0 % )                          ;
; Total DSP Blocks                ; 0 / 112 ( 0 % )                                ;
; Total HSSI RX PCSs              ; 0                                              ;
; Total HSSI PMA RX Deserializers ; 0                                              ;
; Total HSSI TX PCSs              ; 0                                              ;
; Total HSSI PMA TX Serializers   ; 0                                              ;
; Total PLLs                      ; 0 / 6 ( 0 % )                                  ;
; Total DLLs                      ; 0 / 4 ( 0 % )                                  ;
+---------------------------------+------------------------------------------------+


+-----------------------------------------+
; Flow Settings                           ;
+-------------------+---------------------+
; Option            ; Setting             ;
+-------------------+---------------------+
; Start date & time ; 12/17/2022 14:35:40 ;
; Main task         ; Compilation         ;
; Revision Name     ; cpu                 ;
+-------------------+---------------------+


+------------------------------------------------------------------------------------------------------------------------------------------------+
; Flow Non-Default Global Settings                                                                                                               ;
+-------------------------------------+----------------------------------------+---------------+-------------+-----------------------------------+
; Assignment Name                     ; Value                                  ; Default Value ; Entity Name ; Section Id                        ;
+-------------------------------------+----------------------------------------+---------------+-------------+-----------------------------------+
; COMPILER_SIGNATURE_ID               ; 52241461281.167125534014053            ; --            ; --          ; --                                ;
; EDA_GENERATE_FUNCTIONAL_NETLIST     ; Off                                    ; --            ; --          ; eda_board_design_timing           ;
; EDA_GENERATE_FUNCTIONAL_NETLIST     ; Off                                    ; --            ; --          ; eda_board_design_boundary_scan    ;
; EDA_GENERATE_FUNCTIONAL_NETLIST     ; Off                                    ; --            ; --          ; eda_board_design_signal_integrity ;
; EDA_GENERATE_FUNCTIONAL_NETLIST     ; Off                                    ; --            ; --          ; eda_board_design_symbol           ;
; EDA_OUTPUT_DATA_FORMAT              ; Verilog Hdl                            ; --            ; --          ; eda_simulation                    ;
; EDA_SIMULATION_TOOL                 ; Questa Intel FPGA (Verilog)            ; <None>        ; --          ; --                                ;
; EDA_TIME_SCALE                      ; 1 ps                                   ; --            ; --          ; eda_simulation                    ;
; MAX_CORE_JUNCTION_TEMP              ; 100                                    ; --            ; --          ; --                                ;
; MIN_CORE_JUNCTION_TEMP              ; -40                                    ; --            ; --          ; --                                ;
; PARTITION_COLOR                     ; -- (Not supported for targeted family) ; --            ; --          ; Top                               ;
; PARTITION_FITTER_PRESERVATION_LEVEL ; -- (Not supported for targeted family) ; --            ; --          ; Top                               ;
; PARTITION_NETLIST_TYPE              ; -- (Not supported for targeted family) ; --            ; --          ; Top                               ;
; PROJECT_OUTPUT_DIRECTORY            ; output_files                           ; --            ; --          ; --                                ;
+-------------------------------------+----------------------------------------+---------------+-------------+-----------------------------------+


+--------------------------------------------------------------------------------------------------------------------------+
; Flow Elapsed Time                                                                                                        ;
+----------------------+--------------+-------------------------+---------------------+------------------------------------+
; Module Name          ; Elapsed Time ; Average Processors Used ; Peak Virtual Memory ; Total CPU Time (on all processors) ;
+----------------------+--------------+-------------------------+---------------------+------------------------------------+
; Analysis & Synthesis ; 00:00:07     ; 1.0                     ; 441 MB              ; 00:00:10                           ;
; Fitter               ; 00:04:02     ; 1.0                     ; 1700 MB             ; 00:05:31                           ;
; Assembler            ; 00:00:05     ; 1.0                     ; 524 MB              ; 00:00:05                           ;
; Timing Analyzer      ; 00:00:05     ; 1.3                     ; 852 MB              ; 00:00:06                           ;
; EDA Netlist Writer   ; 00:00:01     ; 1.0                     ; 681 MB              ; 00:00:01                           ;
; Total                ; 00:04:20     ; --                      ; --                  ; 00:05:53                           ;
+----------------------+--------------+-------------------------+---------------------+------------------------------------+


+------------------------------------------------------------------------------------------+
; Flow OS Summary                                                                          ;
+----------------------+------------------+------------------+------------+----------------+
; Module Name          ; Machine Hostname ; OS Name          ; OS Version ; Processor type ;
+----------------------+------------------+------------------+------------+----------------+
; Analysis & Synthesis ; debian           ; Debian GNU/Linux ; 10         ; x86_64         ;
; Fitter               ; debian           ; Debian GNU/Linux ; 10         ; x86_64         ;
; Assembler            ; debian           ; Debian GNU/Linux ; 10         ; x86_64         ;
; Timing Analyzer      ; debian           ; Debian GNU/Linux ; 10         ; x86_64         ;
; EDA Netlist Writer   ; debian           ; Debian GNU/Linux ; 10         ; x86_64         ;
+----------------------+------------------+------------------+------------+----------------+


------------
; Flow Log ;
------------
quartus_map --read_settings_files=on --write_settings_files=off 6502 -c cpu
quartus_fit --read_settings_files=off --write_settings_files=off 6502 -c cpu
quartus_asm --read_settings_files=off --write_settings_files=off 6502 -c cpu
quartus_sta 6502 -c cpu
quartus_eda --read_settings_files=off --write_settings_files=off 6502 -c cpu



